<?xml version="1.0" encoding="UTF-8"?>
<!-- Generated by org.testng.reporters.JUnitXMLReporter -->
<testsuite hostname="STAN-4P5ZP12" name="Default test" tests="2" failures="0" timestamp="6 Feb 2015 22:21:42 GMT" time="69.256" errors="0">
  <testcase name="AdminSettings" time="32.476" classname="test_package.Test_StreamConnect_Logout_8_try_catch"/>
  <testcase name="Authentication" time="33.384" classname="test_package.Test_StreamConnect_Logout_8_try_catch"/>
</testsuite> <!-- Default test -->
