<?xml version="1.0" encoding="UTF-8"?>
<testng-results skipped="0" failed="0" total="1" passed="1">
  <reporter-output>
  </reporter-output>
  <suite name="Default suite" duration-ms="3348" started-at="2015-01-28T19:19:10Z" finished-at="2015-01-28T19:19:13Z">
    <groups>
    </groups>
    <test name="Default test" duration-ms="3348" started-at="2015-01-28T19:19:10Z" finished-at="2015-01-28T19:19:13Z">
      <class name="test_package.Test_StreamConnect_Logout_1">
        <test-method status="PASS" signature="Logout1()[pri:0, instance:test_package.Test_StreamConnect_Logout_1@546a03af]" name="Logout1" duration-ms="3333" started-at="2015-01-28T13:19:10Z" finished-at="2015-01-28T13:19:13Z">
          <reporter-output>
          </reporter-output>
        </test-method> <!-- Logout1 -->
      </class> <!-- test_package.Test_StreamConnect_Logout_1 -->
    </test> <!-- Default test -->
  </suite> <!-- Default suite -->
</testng-results>
