<?xml version="1.0" encoding="UTF-8"?>
<testng-results skipped="0" failed="0" total="2" passed="2">
  <reporter-output>
  </reporter-output>
  <suite name="Default suite" duration-ms="69256" started-at="2015-02-06T22:20:33Z" finished-at="2015-02-06T22:21:42Z">
    <groups>
    </groups>
    <test name="Default test" duration-ms="69256" started-at="2015-02-06T22:20:33Z" finished-at="2015-02-06T22:21:42Z">
      <class name="test_package.Test_StreamConnect_Logout_8_try_catch">
        <test-method status="PASS" signature="SetProperty()[pri:0, instance:test_package.Test_StreamConnect_Logout_8_try_catch@16c0663d]" name="SetProperty" is-config="true" duration-ms="1808" started-at="2015-02-06T16:20:33Z" finished-at="2015-02-06T16:20:34Z">
          <reporter-output>
          </reporter-output>
        </test-method> <!-- SetProperty -->
        <test-method status="PASS" signature="AdminSettings()[pri:0, instance:test_package.Test_StreamConnect_Logout_8_try_catch@16c0663d]" name="AdminSettings" duration-ms="32476" started-at="2015-02-06T16:20:34Z" finished-at="2015-02-06T16:21:07Z">
          <reporter-output>
          </reporter-output>
        </test-method> <!-- AdminSettings -->
        <test-method status="PASS" signature="SetProperty()[pri:0, instance:test_package.Test_StreamConnect_Logout_8_try_catch@16c0663d]" name="SetProperty" is-config="true" duration-ms="1576" started-at="2015-02-06T16:21:07Z" finished-at="2015-02-06T16:21:09Z">
          <reporter-output>
          </reporter-output>
        </test-method> <!-- SetProperty -->
        <test-method status="PASS" signature="Authentication()[pri:0, instance:test_package.Test_StreamConnect_Logout_8_try_catch@16c0663d]" name="Authentication" duration-ms="33384" started-at="2015-02-06T16:21:09Z" finished-at="2015-02-06T16:21:42Z">
          <reporter-output>
          </reporter-output>
        </test-method> <!-- Authentication -->
      </class> <!-- test_package.Test_StreamConnect_Logout_8_try_catch -->
    </test> <!-- Default test -->
  </suite> <!-- Default suite -->
</testng-results>
